cd src/ && ( test -e Makefile || /usr/local/bin/qmake6 -o Makefile /Users/tmatoo/Documents/src/QSSTV/src/src.pro ) && /Applications/Xcode_16.3.app/Contents/Developer/usr/bin/make -f Makefile 
cd documentation/ && ( test -e Makefile || /usr/local/bin/qmake6 -o Makefile /Users/tmatoo/Documents/src/QSSTV/documentation/documentation.pro ) && /Applications/Xcode_16.3.app/Contents/Developer/usr/bin/make -f Makefile 
make[1]: Nothing to be done for `first'.
uic ../../src/mainwidgets/rxwidget.ui
uic ../../src/mainwidgets/txwidget.ui
uic ../../src/config/configdialog.ui
uic ../../src/widgets/spectrumwidget.ui
uic ../../src/widgets/extviewer.ui
uic ../../src/drmrx/fixform.ui
uic ../../src/mainwidgets/gallerywidget.ui
compiling ../../src/main.cpp
compiling ../../src/drmtx/common/CDrmTransmitter.cpp
compiling ../../src/drmtx/common/DRMSignalIO.cpp
compiling ../../src/config/soundconfig.cpp
compiling ../../src/config/baseconfig.cpp
compiling ../../src/utils/logging.cpp
compiling ../../src/utils/dirdialog.cpp
compiling ../../src/utils/loggingparams.cpp
compiling ../../src/appglobal.cpp
compiling ../../src/utils/supportfunctions.cpp
compiling ../../src/sound/wavio.cpp
compiling ../../src/config/directoriesconfig.cpp
compiling ../../src/config/configdialog.cpp
compiling ../../src/sound/soundbase.cpp
compiling ../../src/widgets/spectrumwidget.cpp
compiling ../../src/widgets/vumeter.cpp
compiling ../../src/widgets/fftdisplay.cpp
compiling ../../src/widgets/markerwidget.cpp
compiling ../../src/dsp/downsamplefilter.cpp
compiling ../../src/utils/arraydumper.cpp
compiling ../../src/sound/calibration.cpp
compiling ../../src/dsp/synthes.cpp
compiling ../../src/dsp/filterparam.cpp
compiling ../../src/sound/waterfalltext.cpp
compiling ../../src/utils/macroexpansion.cpp
compiling ../../src/widgets/imageviewer.cpp
compiling ../../src/editor/editor.cpp
compiling ../../src/editor/editorscene.cpp
compiling ../../src/editor/editorview.cpp
compiling ../../src/editor/gradientdialog.cpp
compiling ../../src/editor/graphicitems.cpp
compiling ../../src/dispatch/dispatcher.cpp
compiling ../../src/drmrx/channeldecode.cpp
compiling ../../src/drmrx/crc8_c.cpp
compiling ../../src/drmrx/deinterleaver.cpp
compiling ../../src/drmrx/demodulator.cpp
compiling ../../src/drmrx/drm.cpp
compiling ../../src/drmrx/drmconstellationframe.cpp
compiling ../../src/drmrx/drmpsdframe.cpp
compiling ../../src/drmrx/drmrx.cpp
compiling ../../src/drmrx/drmstatusframe.cpp
compiling ../../src/drmrx/fixform.cpp
compiling ../../src/drmrx/getfoffsint.cpp
compiling ../../src/drmrx/getmode.cpp
compiling ../../src/drmrx/getofdm.cpp
../../src/drmrx/demodulator.cpp:274:15: warning: variable 'tmp2' set but not used [-Wunused-but-set-variable]
  274 |   float tmp1, tmp2, tmp3, tmp4, tmp5, tmp6;
      |               ^
../../src/drmrx/demodulator.cpp:559:9: warning: variable 'MERFAC' set but not used [-Wunused-but-set-variable]
  559 |   float MERFAC;
      |         ^
compiling ../../src/drmrx/getofdmsync.cpp
2 warnings generated.
compiling ../../src/drmrx/mkmscmap.cpp
compiling ../../src/drmrx/msdhardfac.cpp
compiling ../../src/drmrx/msdhardmsc.cpp
compiling ../../src/drmrx/newfft.cpp
compiling ../../src/drmrx/nrutil.cpp
compiling ../../src/drmrx/sourcedecoder.cpp
compiling ../../src/drmrx/viterbi_decode.cpp
compiling ../../src/drmtx/common/datadecoding/DABMOT.cpp
compiling ../../src/drmtx/common/datadecoding/DataDecoder.cpp
compiling ../../src/drmtx/common/datadecoding/MOTSlideShow.cpp
compiling ../../src/drmtx/common/FAC/FAC.cpp
compiling ../../src/drmtx/common/interleaver/BlockInterleaver.cpp
compiling ../../src/drmtx/common/interleaver/SymbolInterleaver.cpp
compiling ../../src/drmtx/common/matlib/MatlibSigProToolbox.cpp
compiling ../../src/drmtx/common/matlib/MatlibStdToolbox.cpp
compiling ../../src/drmtx/common/mlc/BitInterleaver.cpp
compiling ../../src/drmtx/common/mlc/ChannelCode.cpp
compiling ../../src/drmtx/common/mlc/ConvEncoder.cpp
compiling ../../src/drmtx/common/mlc/EnergyDispersal.cpp
compiling ../../src/drmtx/common/mlc/MLC.cpp
compiling ../../src/drmtx/common/mlc/QAMMapping.cpp
compiling ../../src/drmtx/common/ofdmcellmapping/CellMappingTable.cpp
compiling ../../src/drmtx/common/ofdmcellmapping/OFDMCellMapping.cpp
compiling ../../src/drmtx/common/SDC/SDCTransmit.cpp
compiling ../../src/drmtx/common/sourcedecoders/AudioSourceDecoder.cpp
compiling ../../src/drmtx/common/tables/TableFAC.cpp
compiling ../../src/drmtx/common/util/CRC.cpp
compiling ../../src/drmtx/common/util/Utilities.cpp
compiling ../../src/drmtx/common/csoundout.cpp
compiling ../../src/drmtx/common/DataIO.cpp
compiling ../../src/drmtx/common/OFDM.cpp
compiling ../../src/drmtx/common/Parameter.cpp
compiling ../../src/drmtx/bsrform.cpp
compiling ../../src/drmtx/drmparams.cpp
compiling ../../src/drmtx/drmtransmitter.cpp
compiling ../../src/drmtx/drmtx.cpp
compiling ../../src/logbook/logbook.cpp
compiling ../../src/mainwidgets/gallerywidget.cpp
compiling ../../src/mainwidgets/rxfunctions.cpp
compiling ../../src/mainwidgets/rxwidget.cpp
compiling ../../src/mainwidgets/txfunctions.cpp
compiling ../../src/mainwidgets/txwidget.cpp
compiling ../../src/rig/freqdisplay.cpp
compiling ../../src/rig/rigcontrol.cpp
compiling ../../src/sstv/modes/modeavt.cpp
compiling ../../src/sstv/modes/modebase.cpp
compiling ../../src/sstv/modes/modebw.cpp
compiling ../../src/sstv/modes/modegbr.cpp
compiling ../../src/sstv/modes/modegbr2.cpp
compiling ../../src/sstv/modes/modepd.cpp
compiling ../../src/sstv/modes/modergb.cpp
compiling ../../src/sstv/modes/moderobot1.cpp
compiling ../../src/sstv/modes/moderobot2.cpp
compiling ../../src/sstv/cw.cpp
compiling ../../src/sstv/sstvparam.cpp
compiling ../../src/sstv/sstvrx.cpp
compiling ../../src/sstv/sstvtx.cpp
compiling ../../src/sstv/syncprocessor.cpp
compiling ../../src/utils/qurlinfo.cpp
compiling ../../src/utils/reedsolomoncoder.cpp
compiling ../../src/xmlrpc/ipcmessage.cpp
compiling ../../src/xmlrpc/maiaFault.cpp
compiling ../../src/xmlrpc/maiaObject.cpp
compiling ../../src/xmlrpc/maiaXmlRpcClient.cpp
compiling ../../src/xmlrpc/maiaXmlRpcServer.cpp
compiling ../../src/xmlrpc/maiaXmlRpcServerConnection.cpp
compiling ../../src/xmlrpc/xmlinterface.cpp
compiling ../../src/config/operatorconfig.cpp
compiling ../../src/widgets/extviewer.cpp
compiling ../../src/config/guiconfig.cpp
moc ../../src/utils/qftp.cpp
compiling ../../src/widgets/imagematrix.cpp
compiling ../../src/widgets/waterfallform.cpp
compiling ../../src/config/rigconfig.cpp
compiling ../../src/config/cwconfig.cpp
compiling ../../src/config/drmprofileconfig.cpp
compiling ../../src/config/ftpconfig.cpp
compiling ../../src/config/hybridconfig.cpp
compiling ../../src/config/repeaterconfig.cpp
compiling ../../src/config/waterfallconfig.cpp
compiling ../../src/utils/hybridcrypt.cpp
compiling ../../src/sstv/visfskid.cpp
compiling ../../src/dsp/filters.cpp
compiling ../../src/dsp/filter.cpp
compiling ../../src/widgets/drmsegmentsview.cpp
compiling ../../src/widgets/xyzplaintextedit.cpp
compiling ../../src/utils/hexconvertor.cpp
compiling ../../src/config/frequencyselectwidget.cpp
compiling ../../src/editor/canvassizeform.cpp
compiling ../../src/utils/fftcalc.cpp
compiling ../../src/utils/jp2io.cpp
compiling ../../src/utils/color.cpp
compiling ../../src/utils/filewatcher.cpp
compiling ../../src/utils/ftpthread.cpp
compiling ../../src/utils/ftpfunctions.cpp
compiling ../../src/editor/basegraphicitem.cpp
compiling ../../src/macos/soundmacos.cpp
moc ../../src/mainwindow.h
moc ../../src/config/soundconfig.h
moc ../../src/config/directoriesconfig.h
moc ../../src/sound/soundbase.h
moc ../../src/widgets/vumeter.h
moc ../../src/widgets/fftdisplay.h
moc ../../src/widgets/imageviewer.h
moc ../../src/editor/editorscene.h
moc ../../src/editor/editorview.h
moc ../../src/editor/gradientdialog.h
moc ../../src/dispatch/dispatcher.h
moc ../../src/drmrx/drmrx.h
moc ../../src/drmrx/drmstatusframe.h
moc ../../src/drmrx/sourcedecoder.h
moc ../../src/drmtx/bsrform.h
moc ../../src/drmtx/drmtx.h
moc ../../src/mainwidgets/gallerywidget.h
moc ../../src/mainwidgets/rxfunctions.h
moc ../../src/mainwidgets/rxwidget.h
moc ../../src/mainwidgets/txfunctions.h
moc ../../src/mainwidgets/txwidget.h
moc ../../src/rig/freqdisplay.h
moc ../../src/rig/rigcontrol.h
moc ../../src/sstv/sstvrx.h
moc ../../src/sstv/syncprocessor.h
moc ../../src/xmlrpc/maiaFault.h
moc ../../src/xmlrpc/maiaObject.h
moc ../../src/xmlrpc/maiaXmlRpcClient.h
moc ../../src/xmlrpc/maiaXmlRpcServer.h
moc ../../src/xmlrpc/maiaXmlRpcServerConnection.h
moc ../../src/xmlrpc/xmlinterface.h
moc ../../src/config/operatorconfig.h
moc ../../src/config/guiconfig.h
moc ../../src/widgets/imagematrix.h
moc ../../src/config/rigconfig.h
moc ../../src/config/cwconfig.h
moc ../../src/config/drmprofileconfig.h
moc ../../src/config/ftpconfig.h
moc ../../src/config/hybridconfig.h
moc ../../src/config/repeaterconfig.h
moc ../../src/config/waterfallconfig.h
moc ../../src/sstv/visfskid.h
moc ../../src/widgets/xyzplaintextedit.h
moc ../../src/config/frequencyselectwidget.h
moc ../../src/utils/jp2io.h
moc ../../src/utils/ftpthread.h
moc ../../src/utils/ftpfunctions.h
uic ../../src/mainwindow.ui
compiling ../../src/utils/qftp.cpp
compiling moc_mainwindow.cpp
compiling moc_soundconfig.cpp
compiling moc_directoriesconfig.cpp
compiling moc_soundbase.cpp
compiling moc_vumeter.cpp
compiling moc_fftdisplay.cpp
compiling moc_imageviewer.cpp
compiling moc_editorscene.cpp
compiling moc_editorview.cpp
compiling moc_gradientdialog.cpp
compiling moc_dispatcher.cpp
compiling moc_drmrx.cpp
compiling moc_drmstatusframe.cpp
compiling moc_sourcedecoder.cpp
compiling moc_bsrform.cpp
compiling moc_drmtx.cpp
compiling moc_gallerywidget.cpp
compiling moc_rxfunctions.cpp
compiling moc_rxwidget.cpp
compiling moc_txfunctions.cpp
compiling moc_txwidget.cpp
compiling moc_freqdisplay.cpp
compiling moc_rigcontrol.cpp
compiling moc_sstvrx.cpp
compiling moc_syncprocessor.cpp
compiling moc_maiaFault.cpp
compiling moc_maiaObject.cpp
compiling moc_maiaXmlRpcClient.cpp
compiling moc_maiaXmlRpcServer.cpp
compiling moc_maiaXmlRpcServerConnection.cpp
compiling moc_xmlinterface.cpp
compiling moc_operatorconfig.cpp
compiling moc_guiconfig.cpp
compiling moc_imagematrix.cpp
compiling moc_rigconfig.cpp
compiling moc_cwconfig.cpp
compiling moc_drmprofileconfig.cpp
compiling moc_ftpconfig.cpp
compiling moc_hybridconfig.cpp
compiling moc_repeaterconfig.cpp
compiling moc_waterfallconfig.cpp
compiling moc_visfskid.cpp
compiling moc_xyzplaintextedit.cpp
compiling moc_frequencyselectwidget.cpp
compiling moc_jp2io.cpp
compiling moc_ftpthread.cpp
compiling moc_ftpfunctions.cpp
compiling ../../src/mainwindow.cpp
linking qsstv.app/Contents/MacOS/qsstv
/usr/libexec/PlistBuddy -c "Add :NSMicrophoneUsageDescription string QSSTV needs microphone access to receive and decode SSTV and DRM signals from your radio." /Users/tmatoo/Documents/src/QSSTV/build/src/qsstv.app/Contents/Info.plist || true;
Add: ":NSMicrophoneUsageDescription" Entry Already Exists
